0 verbose cli C:\Program Files\nodejs\node.exe C:\Users\Manikandan\AppData\Roaming\npm\node_modules\npm\bin\npm-cli.js
1 info using npm@11.0.0
2 info using node@v24.11.1
3 silly config load:file:C:\Users\Manikandan\AppData\Roaming\npm\node_modules\npm\npmrc
4 silly config load:file:D:\supermarket-app\server\.npmrc
5 silly config load:file:C:\Users\Manikandan\.npmrc
6 silly config load:file:C:\Users\Manikandan\AppData\Roaming\npm\etc\npmrc
7 verbose title npm install
8 verbose argv "install" "--cache" "d:\\supermarket-app\\.npm-cache" "--no-audit"
9 verbose logfile logs-max:10 dir:d:\supermarket-app\.npm-cache\_logs\2026-02-10T05_20_29_406Z-
10 verbose logfile d:\supermarket-app\.npm-cache\_logs\2026-02-10T05_20_29_406Z-debug-0.log
11 silly logfile done cleaning log files
12 silly packumentCache heap:2348810240 maxSize:587202560 maxEntrySize:293601280
13 silly idealTree buildDeps
14 silly reify moves {}
15 verbose reify failed optional dependency D:\supermarket-app\server\node_modules\fsevents
16 silly reify mark deleted [ 'D:\\supermarket-app\\server\\node_modules\\fsevents' ]
17 silly ADD
18 verbose cwd D:\supermarket-app\server
19 verbose os Windows_NT 10.0.26200
20 verbose node v24.11.1
21 verbose npm  v11.0.0
22 verbose exit 0
23 info ok
